<?xml version="1.0" encoding="UTF-8" ?>
<testsuite failures="0" time="3,839.117" errors="0" skipped="0" tests="3" name="za.co.jumpingbean.calamari.DatabaseInitTest">
  <properties>
[...]
</properties>
  <testcase time="3.188" classname="za.co.jumpingbean.calamari.DatabaseInitTest" name="initDB"/>
  <testcase time="11.249" classname="za.co.jumpingbean.calamari.DatabaseInitTest" name="initDBExists"/>
  <testcase time="3,822.124" classname="za.co.jumpingbean.calamari.DatabaseInitTest" name="importLogFileTest"/>
</testsuite>