<?xml version="1.0" encoding="UTF-8" ?>
<testsuite failures="0" time="8.123" errors="2" skipped="0" tests="7" name="za.co.jumpingbean.calamari.DataTest">
  <properties>
[...]
</properties>
  <testcase time="3.335" classname="za.co.jumpingbean.calamari.DataTest" name="getTopSitesByRequest"/>
  <testcase time="1.135" classname="za.co.jumpingbean.calamari.DataTest" name="getTopSitesBySize"/>
  <testcase time="0.702" classname="za.co.jumpingbean.calamari.DataTest" name="getTopUsersBySize"/>
  <testcase time="0.291" classname="za.co.jumpingbean.calamari.DataTest" name="getTopUsersByHits"/>
  <testcase time="0.334" classname="za.co.jumpingbean.calamari.DataTest" name="getUserDetails">
    <error message="GET http://127.0.0.1:9998/dataservice/userdetails/20100331/20100331/joseph returned a response status of 500" type="com.sun.jersey.api.client.UniformInterfaceException">com.sun.jersey.api.client.UniformInterfaceException: GET http://127.0.0.1:9998/dataservice/userdetails/20100331/20100331/joseph returned a response status of 500
	at com.sun.jersey.api.client.WebResource.handle(WebResource.java:574)
	at com.sun.jersey.api.client.WebResource.access$400(WebResource.java:69)
	at com.sun.jersey.api.client.WebResource$Builder.get(WebResource.java:455)
	at za.co.jumpingbean.calamari.DataTest.getUserDetails(DataTest.java:102)
	at sun.reflect.NativeMethodAccessorImpl.invoke0(Native Method)
	at sun.reflect.NativeMethodAccessorImpl.invoke(NativeMethodAccessorImpl.java:39)
	at sun.reflect.DelegatingMethodAccessorImpl.invoke(DelegatingMethodAccessorImpl.java:25)
	at java.lang.reflect.Method.invoke(Method.java:597)
	at org.junit.runners.model.FrameworkMethod$1.runReflectiveCall(FrameworkMethod.java:44)
	at org.junit.internal.runners.model.ReflectiveCallable.run(ReflectiveCallable.java:15)
	at org.junit.runners.model.FrameworkMethod.invokeExplosively(FrameworkMethod.java:41)
	at org.junit.internal.runners.statements.InvokeMethod.evaluate(InvokeMethod.java:20)
	at org.junit.runners.BlockJUnit4ClassRunner.runChild(BlockJUnit4ClassRunner.java:76)
	at org.junit.runners.BlockJUnit4ClassRunner.runChild(BlockJUnit4ClassRunner.java:50)
	at org.junit.runners.ParentRunner$3.run(ParentRunner.java:193)
	at org.junit.runners.ParentRunner$1.schedule(ParentRunner.java:52)
	at org.junit.runners.ParentRunner.runChildren(ParentRunner.java:191)
	at org.junit.runners.ParentRunner.access$000(ParentRunner.java:42)
	at org.junit.runners.ParentRunner$2.evaluate(ParentRunner.java:184)
	at org.junit.internal.runners.statements.RunBefores.evaluate(RunBefores.java:28)
	at org.junit.internal.runners.statements.RunAfters.evaluate(RunAfters.java:31)
	at org.junit.runners.ParentRunner.run(ParentRunner.java:236)
	at org.apache.maven.surefire.junit4.JUnit4TestSet.execute(JUnit4TestSet.java:62)
	at org.apache.maven.surefire.suite.AbstractDirectoryTestSuite.executeTestSet(AbstractDirectoryTestSuite.java:140)
	at org.apache.maven.surefire.suite.AbstractDirectoryTestSuite.execute(AbstractDirectoryTestSuite.java:127)
	at org.apache.maven.surefire.Surefire.run(Surefire.java:177)
	at sun.reflect.NativeMethodAccessorImpl.invoke0(Native Method)
	at sun.reflect.NativeMethodAccessorImpl.invoke(NativeMethodAccessorImpl.java:39)
	at sun.reflect.DelegatingMethodAccessorImpl.invoke(DelegatingMethodAccessorImpl.java:25)
	at java.lang.reflect.Method.invoke(Method.java:597)
	at org.apache.maven.surefire.booter.SurefireBooter.runSuitesInProcess(SurefireBooter.java:345)
	at org.apache.maven.surefire.booter.SurefireBooter.main(SurefireBooter.java:1009)
</error>
  </testcase>
  <testcase time="0.326" classname="za.co.jumpingbean.calamari.DataTest" name="getDomainDetails">
    <error message="GET http://127.0.0.1:9998/dataservice/domaindetails/20100331/20100331/google.com returned a response status of 500" type="com.sun.jersey.api.client.UniformInterfaceException">com.sun.jersey.api.client.UniformInterfaceException: GET http://127.0.0.1:9998/dataservice/domaindetails/20100331/20100331/google.com returned a response status of 500
	at com.sun.jersey.api.client.WebResource.handle(WebResource.java:574)
	at com.sun.jersey.api.client.WebResource.access$400(WebResource.java:69)
	at com.sun.jersey.api.client.WebResource$Builder.get(WebResource.java:455)
	at za.co.jumpingbean.calamari.DataTest.getDomainDetails(DataTest.java:120)
	at sun.reflect.NativeMethodAccessorImpl.invoke0(Native Method)
	at sun.reflect.NativeMethodAccessorImpl.invoke(NativeMethodAccessorImpl.java:39)
	at sun.reflect.DelegatingMethodAccessorImpl.invoke(DelegatingMethodAccessorImpl.java:25)
	at java.lang.reflect.Method.invoke(Method.java:597)
	at org.junit.runners.model.FrameworkMethod$1.runReflectiveCall(FrameworkMethod.java:44)
	at org.junit.internal.runners.model.ReflectiveCallable.run(ReflectiveCallable.java:15)
	at org.junit.runners.model.FrameworkMethod.invokeExplosively(FrameworkMethod.java:41)
	at org.junit.internal.runners.statements.InvokeMethod.evaluate(InvokeMethod.java:20)
	at org.junit.runners.BlockJUnit4ClassRunner.runChild(BlockJUnit4ClassRunner.java:76)
	at org.junit.runners.BlockJUnit4ClassRunner.runChild(BlockJUnit4ClassRunner.java:50)
	at org.junit.runners.ParentRunner$3.run(ParentRunner.java:193)
	at org.junit.runners.ParentRunner$1.schedule(ParentRunner.java:52)
	at org.junit.runners.ParentRunner.runChildren(ParentRunner.java:191)
	at org.junit.runners.ParentRunner.access$000(ParentRunner.java:42)
	at org.junit.runners.ParentRunner$2.evaluate(ParentRunner.java:184)
	at org.junit.internal.runners.statements.RunBefores.evaluate(RunBefores.java:28)
	at org.junit.internal.runners.statements.RunAfters.evaluate(RunAfters.java:31)
	at org.junit.runners.ParentRunner.run(ParentRunner.java:236)
	at org.apache.maven.surefire.junit4.JUnit4TestSet.execute(JUnit4TestSet.java:62)
	at org.apache.maven.surefire.suite.AbstractDirectoryTestSuite.executeTestSet(AbstractDirectoryTestSuite.java:140)
	at org.apache.maven.surefire.suite.AbstractDirectoryTestSuite.execute(AbstractDirectoryTestSuite.java:127)
	at org.apache.maven.surefire.Surefire.run(Surefire.java:177)
	at sun.reflect.NativeMethodAccessorImpl.invoke0(Native Method)
	at sun.reflect.NativeMethodAccessorImpl.invoke(NativeMethodAccessorImpl.java:39)
	at sun.reflect.DelegatingMethodAccessorImpl.invoke(DelegatingMethodAccessorImpl.java:25)
	at java.lang.reflect.Method.invoke(Method.java:597)
	at org.apache.maven.surefire.booter.SurefireBooter.runSuitesInProcess(SurefireBooter.java:345)
	at org.apache.maven.surefire.booter.SurefireBooter.main(SurefireBooter.java:1009)
</error>
  </testcase>
  <testcase time="0.199" classname="za.co.jumpingbean.calamari.DataTest" name="getContentTypeData"/>
</testsuite>